<?xml version="1.0" encoding="UTF-8"?>
<!-- Generated by org.testng.reporters.JUnitXMLReporter -->
<testsuite ignored="0" hostname="DESKTOP-SJQ3OCI" failures="0" tests="4" name="PetTest" time="6.903" errors="0" timestamp="2024-03-01T19:35:41 IST">
  <testcase classname="api.test.UserTests2" name="testPostUser" time="4.507"/>
  <testcase classname="api.test.UserTests2" name="testGetUser" time="0.118"/>
  <testcase classname="api.test.UserTests2" name="testUpdateUser" time="0.052"/>
  <testcase classname="api.test.UserTests2" name="testDeleteUserByName" time="0.032"/>
</testsuite> <!-- PetTest -->
